<?xml version="1.0" encoding="UTF-8"?>
<testsuite name="BasicLambdaTests.MainTests" tests="1" skipped="0" failures="0" errors="0" timestamp="2016-11-24T01:46:23" hostname="xps" time="0.131">
  <properties/>
  <testcase name="TestLoggingAtStart" classname="BasicLambdaTests.MainTests" time="0.131"/>
  <system-out><![CDATA[]]></system-out>
  <system-err><![CDATA[]]></system-err>
</testsuite>
