<?xml version="1.0" encoding="UTF-8"?>
<testsuite name="BasicLambdaTests.MessageProcessorTests" tests="7" skipped="0" failures="0" errors="0" timestamp="2016-11-28T17:34:03" hostname="xps" time="0.395">
  <properties/>
  <testcase name="ProcessItem_WithNullItem_ThrowsException" classname="BasicLambdaTests.MessageProcessorTests" time="0.286"/>
  <testcase name="ProcessItem_WithValidItem_PassesAddItemResultUnmodified" classname="BasicLambdaTests.MessageProcessorTests" time="0.062"/>
  <testcase name="ProcessItem_WithInvalidLaterDetails_LogsJsonProcessException" classname="BasicLambdaTests.MessageProcessorTests" time="0.016"/>
  <testcase name="ProcessItem_WithValidItem_StoresStringifiedObject" classname="BasicLambdaTests.MessageProcessorTests" time="0.015"/>
  <testcase name="Constructor_WithNullItemsRepository_ThrowsException" classname="BasicLambdaTests.MessageProcessorTests" time="0.0"/>
  <testcase name="Constructor_WithNukkObjectMapper_ThrowsException" classname="BasicLambdaTests.MessageProcessorTests" time="0.0"/>
  <testcase name="Constructor_WithNullLogger_ThrowsException" classname="BasicLambdaTests.MessageProcessorTests" time="0.0"/>
  <system-out><![CDATA[]]></system-out>
  <system-err><![CDATA[]]></system-err>
</testsuite>
